<?xml version="1.0" encoding="UTF-8"?>
<testsuite xmlns:xsi="http://www.w3.org/2001/XMLSchema-instance" xsi:noNamespaceSchemaLocation="https://maven.apache.org/surefire/maven-surefire-plugin/xsd/surefire-test-report.xsd" name="TestSuite" time="0.442" tests="6" errors="0" skipped="0" failures="0">
  <properties>
    <property name="java.specification.version" value="17"/>
    <property name="sun.jnu.encoding" value="UTF-8"/>
    <property name="java.class.path" value="/Users/franciscomagot/Documents/Code/ing software/lab-03-a-panchomb-1/target/test-classes:/Users/franciscomagot/Documents/Code/ing software/lab-03-a-panchomb-1/target/classes:/Users/franciscomagot/.m2/repository/org/testng/testng/7.0.0-beta1/testng-7.0.0-beta1.jar:/Users/franciscomagot/.m2/repository/com/beust/jcommander/1.72/jcommander-1.72.jar:/Users/franciscomagot/.m2/repository/org/apache/logging/log4j/log4j-api/2.13.3/log4j-api-2.13.3.jar:/Users/franciscomagot/.m2/repository/org/apache/logging/log4j/log4j-core/2.13.3/log4j-core-2.13.3.jar:"/>
    <property name="java.vm.vendor" value="Homebrew"/>
    <property name="sun.arch.data.model" value="64"/>
    <property name="java.vendor.url" value="https://github.com/Homebrew/homebrew-core/issues"/>
    <property name="os.name" value="Mac OS X"/>
    <property name="java.vm.specification.version" value="17"/>
    <property name="sun.java.launcher" value="SUN_STANDARD"/>
    <property name="user.country" value="PE"/>
    <property name="sun.boot.library.path" value="/usr/local/Cellar/openjdk/17.0.2/libexec/openjdk.jdk/Contents/Home/lib"/>
    <property name="sun.java.command" value="/Users/franciscomagot/Documents/Code/ing software/lab-03-a-panchomb-1/target/surefire/surefirebooter15930256001810850711.jar /Users/franciscomagot/Documents/Code/ing software/lab-03-a-panchomb-1/target/surefire 2022-04-01T20-56-31_697-jvmRun1 surefire1391014852072211523tmp surefire_08854705493133031278tmp"/>
    <property name="http.nonProxyHosts" value="local|*.local|169.254/16|*.169.254/16"/>
    <property name="jdk.debug" value="release"/>
    <property name="surefire.test.class.path" value="/Users/franciscomagot/Documents/Code/ing software/lab-03-a-panchomb-1/target/test-classes:/Users/franciscomagot/Documents/Code/ing software/lab-03-a-panchomb-1/target/classes:/Users/franciscomagot/.m2/repository/org/testng/testng/7.0.0-beta1/testng-7.0.0-beta1.jar:/Users/franciscomagot/.m2/repository/com/beust/jcommander/1.72/jcommander-1.72.jar:/Users/franciscomagot/.m2/repository/org/apache/logging/log4j/log4j-api/2.13.3/log4j-api-2.13.3.jar:/Users/franciscomagot/.m2/repository/org/apache/logging/log4j/log4j-core/2.13.3/log4j-core-2.13.3.jar:"/>
    <property name="sun.cpu.endian" value="little"/>
    <property name="user.home" value="/Users/franciscomagot"/>
    <property name="user.language" value="en"/>
    <property name="java.specification.vendor" value="Oracle Corporation"/>
    <property name="java.version.date" value="2022-01-18"/>
    <property name="java.home" value="/usr/local/Cellar/openjdk/17.0.2/libexec/openjdk.jdk/Contents/Home"/>
    <property name="file.separator" value="/"/>
    <property name="basedir" value="/Users/franciscomagot/Documents/Code/ing software/lab-03-a-panchomb-1"/>
    <property name="java.vm.compressedOopsMode" value="Zero based"/>
    <property name="line.separator" value="&#10;"/>
    <property name="java.vm.specification.vendor" value="Oracle Corporation"/>
    <property name="java.specification.name" value="Java Platform API Specification"/>
    <property name="surefire.real.class.path" value="/Users/franciscomagot/Documents/Code/ing software/lab-03-a-panchomb-1/target/surefire/surefirebooter15930256001810850711.jar"/>
    <property name="sun.management.compiler" value="HotSpot 64-Bit Tiered Compilers"/>
    <property name="ftp.nonProxyHosts" value="local|*.local|169.254/16|*.169.254/16"/>
    <property name="java.runtime.version" value="17.0.2+0"/>
    <property name="user.name" value="franciscomagot"/>
    <property name="path.separator" value=":"/>
    <property name="os.version" value="12.2.1"/>
    <property name="java.runtime.name" value="OpenJDK Runtime Environment"/>
    <property name="file.encoding" value="UTF-8"/>
    <property name="java.vm.name" value="OpenJDK 64-Bit Server VM"/>
    <property name="java.vendor.version" value="Homebrew"/>
    <property name="localRepository" value="/Users/franciscomagot/.m2/repository"/>
    <property name="java.vendor.url.bug" value="https://github.com/Homebrew/homebrew-core/issues"/>
    <property name="java.io.tmpdir" value="/var/folders/0j/0wq5m6t11kd7qlw1mc_wg5pw0000gn/T/"/>
    <property name="java.version" value="17.0.2"/>
    <property name="user.dir" value="/Users/franciscomagot/Documents/Code/ing software/lab-03-a-panchomb-1"/>
    <property name="os.arch" value="x86_64"/>
    <property name="java.vm.specification.name" value="Java Virtual Machine Specification"/>
    <property name="native.encoding" value="UTF-8"/>
    <property name="sonar.projectKey" value="cs2901-2022-1-Ingenieria-de-Software_lab2"/>
    <property name="java.library.path" value="/Users/franciscomagot/Library/Java/Extensions:/Library/Java/Extensions:/Network/Library/Java/Extensions:/System/Library/Java/Extensions:/usr/lib/java:."/>
    <property name="java.vm.info" value="mixed mode, sharing"/>
    <property name="java.vendor" value="Homebrew"/>
    <property name="java.vm.version" value="17.0.2+0"/>
    <property name="sun.io.unicode.encoding" value="UnicodeBig"/>
    <property name="socksNonProxyHosts" value="local|*.local|169.254/16|*.169.254/16"/>
    <property name="java.class.version" value="61.0"/>
  </properties>
  <testcase name="test_AllOrdersFromPeru" classname="lab.ManageDemandTest" time="0.007"/>
  <testcase name="test_emptyOrders" classname="lab.ManageDemandTest" time="0.001"/>
  <testcase name="test_mixedOrdersWithAdditional" classname="lab.ManageDemandTest" time="0.001"/>
  <testcase name="test_PeruTax" classname="lab.TaxTest" time="0.001"/>
  <testcase name="test_brazilTax" classname="lab.TaxTest" time="0.001"/>
  <testcase name="test_colombiaTax" classname="lab.TaxTest" time="0.001"/>
</testsuite>