<?xml version="1.0" encoding="UTF-8"?>
<!-- Generated by org.testng.reporters.JUnitReportReporter -->
<testsuite hostname="Franciscos-MacBook-Pro.local" failures="0" tests="3" name="lab.TaxTest" time="0.000" errors="0" timestamp="2022-04-01T20:56:32 PET" skipped="0">
  <testcase classname="lab.TaxTest" name="test_PeruTax" time="0.000"/>
  <testcase classname="lab.TaxTest" name="test_colombiaTax" time="0.000"/>
  <testcase classname="lab.TaxTest" name="test_brazilTax" time="0.000"/>
</testsuite> <!-- lab.TaxTest -->
