<?xml version="1.0" encoding="UTF-8"?>
<!-- Generated by org.testng.reporters.JUnitReportReporter -->
<testsuite hostname="Franciscos-MacBook-Pro.local" failures="0" tests="3" name="lab.ManageDemandTest" time="0.006" errors="0" timestamp="2022-04-01T20:56:32 PET" skipped="0">
  <testcase classname="lab.ManageDemandTest" name="test_AllOrdersFromPeru" time="0.005"/>
  <testcase classname="lab.ManageDemandTest" name="test_mixedOrdersWithAdditional" time="0.001"/>
  <testcase classname="lab.ManageDemandTest" name="test_emptyOrders" time="0.000"/>
</testsuite> <!-- lab.ManageDemandTest -->
