<?xml version="1.0" encoding="UTF-8"?>
<!-- Generated by org.testng.reporters.JUnitReportReporter -->
<testsuite hostname="Franciscos-MacBook-Pro.local" failures="0" tests="2" name="lab.ManageDemandTest" time="0.004" errors="0" timestamp="2022-03-31T21:15:46 PET" skipped="0">
  <testcase classname="lab.ManageDemandTest" name="test_emptyOrders" time="0.001"/>
  <testcase classname="lab.ManageDemandTest" name="test_AllOrdersFromPeru" time="0.003"/>
</testsuite> <!-- lab.ManageDemandTest -->
