<?xml version="1.0" encoding="UTF-8"?>
<!-- Generated by org.testng.reporters.JUnitReportReporter -->
<testsuite hostname="Franciscos-MacBook-Pro.local" failures="0" tests="3" name="lab.ManageDemandTest" time="0.002" errors="0" timestamp="2022-03-31T21:54:26 PET" skipped="0">
  <testcase classname="lab.ManageDemandTest" name="test_AllOrdersFromPeru" time="0.002"/>
  <testcase classname="lab.ManageDemandTest" name="test_emptyOrders" time="0.000"/>
  <testcase classname="lab.ManageDemandTest" name="test_mixedOrdersWithAdditional" time="0.000"/>
</testsuite> <!-- lab.ManageDemandTest -->
